0 info it worked if it ends with ok
1 verbose cli [ '/Users/hirokidaichi/.anyenv/envs/ndenv/versions/v0.10.38/bin/node',
1 verbose cli   '/Users/hirokidaichi/.anyenv/envs/ndenv/versions/v0.10.38/bin/npm',
1 verbose cli   'run',
1 verbose cli   'exec' ]
2 info using npm@1.4.28
3 info using node@v0.10.38
4 verbose run-script [ 'preexec', 'exec', 'postexec' ]
5 info preexec guiflow@0.0.1
6 info exec guiflow@0.0.1
7 verbose unsafe-perm in lifecycle true
8 info guiflow@0.0.1 Failed to exec exec script
9 error guiflow@0.0.1 exec: `electron .`
9 error Exit status 1
10 error Failed at the guiflow@0.0.1 exec script.
10 error This is most likely a problem with the guiflow package,
10 error not with npm itself.
10 error Tell the author that this fails on your system:
10 error     electron .
10 error You can get their info via:
10 error     npm owner ls guiflow
10 error There is likely additional logging output above.
11 error System Darwin 14.5.0
12 error command "/Users/hirokidaichi/.anyenv/envs/ndenv/versions/v0.10.38/bin/node" "/Users/hirokidaichi/.anyenv/envs/ndenv/versions/v0.10.38/bin/npm" "run" "exec"
13 error cwd /Users/hirokidaichi/go/src/github.com/hirokidaichi/guiflow
14 error node -v v0.10.38
15 error npm -v 1.4.28
16 error code ELIFECYCLE
17 verbose exit [ 1, true ]
